  FakeOperator.cpp
C:\Users\benja\source\repos\FakeOperator\FakeOperator\WindowsUtils.h(47,52): warning C4267: 'initializing': conversion from 'size_t' to 'short', possible loss of data
C:\Users\benja\source\repos\FakeOperator\FakeOperator\WindowsUtils.h(54,49): warning C4267: 'initializing': conversion from 'size_t' to 'short', possible loss of data
C:\Users\benja\source\repos\FakeOperator\FakeOperator\ExecuteCmds.h(47,19): warning C4244: 'argument': conversion from 'time_t' to 'unsigned int', possible loss of data
C:\Program Files\Microsoft Visual Studio\2022\Community\VC\Tools\MSVC\14.32.31326\include\xstring(2603,27): warning C4244: 'argument': conversion from 'wchar_t' to 'const _Elem', possible loss of data
          with
          [
              _Elem=char
          ]
C:\Users\benja\source\repos\FakeOperator\FakeOperator\WindowsUtils.h(38): message : see reference to function template instantiation 'std::basic_string<char,std::char_traits<char>,std::allocator<char>>::basic_string<std::_String_iterator<std::_String_val<std::_Simple_types<_Elem>>>,0>(_Iter,_Iter,const _Alloc &)' being compiled
          with
          [
              _Elem=wchar_t,
              _Iter=std::_String_iterator<std::_String_val<std::_Simple_types<wchar_t>>>,
              _Alloc=std::allocator<char>
          ]
C:\Users\benja\source\repos\FakeOperator\FakeOperator\WindowsUtils.h(38): message : see reference to function template instantiation 'std::basic_string<char,std::char_traits<char>,std::allocator<char>>::basic_string<std::_String_iterator<std::_String_val<std::_Simple_types<_Elem>>>,0>(_Iter,_Iter,const _Alloc &)' being compiled
          with
          [
              _Elem=wchar_t,
              _Iter=std::_String_iterator<std::_String_val<std::_Simple_types<wchar_t>>>,
              _Alloc=std::allocator<char>
          ]
  FakeOperator.vcxproj -> C:\Users\benja\source\repos\FakeOperator\x64\Debug\FakeOperator.exe
